<?xml version="1.0" encoding="UTF-8"?>
<!-- Generated by org.testng.reporters.JUnitXMLReporter -->
<testsuite ignored="0" hostname="DESKTOP-TANUDV2" failures="3" tests="4" name="Default test" time="36.164" errors="0" timestamp="2024-02-25T14:05:17 IST">
  <testcase classname="io.cucumber.testng.AbstractTestNGCucumberTests" name="runScenario" time="9.002"/>
  <testcase classname="io.cucumber.testng.AbstractTestNGCucumberTests" name="runScenario" time="6.483">
    <failure type="junit.framework.AssertionFailedError" message="Only registered users can vote.">
      <![CDATA[junit.framework.AssertionFailedError: Only registered users can vote.
at junit.framework.Assert.fail(Assert.java:57)
at junit.framework.Assert.assertTrue(Assert.java:22)
at junit.framework.Assert.assertFalse(Assert.java:39)
at steps.CommunitypollStepdef.click_on_vote_button(CommunitypollStepdef.java:69)
at ✽.Click on vote button(file:///D:/Java%20eclipse%20workspace/CommunityPoll/src/test/java/feature/com_poll.feature:11)
]]>
    </failure>
  </testcase> <!-- runScenario -->
  <testcase classname="io.cucumber.testng.AbstractTestNGCucumberTests" name="runScenario" time="7.34">
    <failure type="junit.framework.AssertionFailedError" message="7505 vote(s)...">
      <![CDATA[junit.framework.AssertionFailedError: 7505 vote(s)...
at junit.framework.Assert.fail(Assert.java:57)
at junit.framework.Assert.assertTrue(Assert.java:22)
at junit.framework.Assert.assertFalse(Assert.java:39)
at steps.CommunitypollStepdef.user_select_one_option_from_poll_and_vote(CommunitypollStepdef.java:93)
at ✽.User select one option from poll and vote(file:///D:/Java%20eclipse%20workspace/CommunityPoll/src/test/java/feature/com_poll.feature:15)
]]>
    </failure>
  </testcase> <!-- runScenario -->
  <testcase classname="io.cucumber.testng.AbstractTestNGCucumberTests" name="runScenario" time="7.727">
    <failure type="junit.framework.AssertionFailedError" message="7505 vote(s)...">
      <![CDATA[junit.framework.AssertionFailedError: 7505 vote(s)...
at junit.framework.Assert.fail(Assert.java:57)
at junit.framework.Assert.assertTrue(Assert.java:22)
at junit.framework.Assert.assertFalse(Assert.java:39)
at steps.CommunitypollStepdef.user_select_one_option_from_poll_and_vote(CommunitypollStepdef.java:93)
at ✽.User select one option from poll and vote(file:///D:/Java%20eclipse%20workspace/CommunityPoll/src/test/java/feature/com_poll.feature:15)
]]>
    </failure>
  </testcase> <!-- runScenario -->
</testsuite> <!-- Default test -->
