<?xml version="1.0" encoding="UTF-8"?>
<!-- Generated by org.testng.reporters.JUnitReportReporter -->
<testsuite hostname="DESKTOP-TANUDV2" failures="3" tests="4" name="runner.TestNGRunner" time="30.552" errors="0" timestamp="2024-02-25T14:05:17 IST" skipped="0">
  <testcase classname="runner.TestNGRunner" name="runScenario" time="7.340">
    <failure message="7505 vote(s)..." type="junit.framework.AssertionFailedError">
      <![CDATA[junit.framework.AssertionFailedError: 7505 vote(s)...
at junit.framework.Assert.fail(Assert.java:57)
at junit.framework.Assert.assertTrue(Assert.java:22)
at junit.framework.Assert.assertFalse(Assert.java:39)
at steps.CommunitypollStepdef.user_select_one_option_from_poll_and_vote(CommunitypollStepdef.java:93)
at ✽.User select one option from poll and vote(file:///D:/Java%20eclipse%20workspace/CommunityPoll/src/test/java/feature/com_poll.feature:15)
]]>
    </failure>
  </testcase> <!-- runScenario -->
  <system-out/>
  <testcase classname="runner.TestNGRunner" name="runScenario" time="9.002"/>
  <system-out/>
  <testcase classname="runner.TestNGRunner" name="runScenario" time="7.727">
    <failure message="7505 vote(s)..." type="junit.framework.AssertionFailedError">
      <![CDATA[junit.framework.AssertionFailedError: 7505 vote(s)...
at junit.framework.Assert.fail(Assert.java:57)
at junit.framework.Assert.assertTrue(Assert.java:22)
at junit.framework.Assert.assertFalse(Assert.java:39)
at steps.CommunitypollStepdef.user_select_one_option_from_poll_and_vote(CommunitypollStepdef.java:93)
at ✽.User select one option from poll and vote(file:///D:/Java%20eclipse%20workspace/CommunityPoll/src/test/java/feature/com_poll.feature:15)
]]>
    </failure>
  </testcase> <!-- runScenario -->
  <system-out/>
  <testcase classname="runner.TestNGRunner" name="runScenario" time="6.483">
    <failure message="Only registered users can vote." type="junit.framework.AssertionFailedError">
      <![CDATA[junit.framework.AssertionFailedError: Only registered users can vote.
at junit.framework.Assert.fail(Assert.java:57)
at junit.framework.Assert.assertTrue(Assert.java:22)
at junit.framework.Assert.assertFalse(Assert.java:39)
at steps.CommunitypollStepdef.click_on_vote_button(CommunitypollStepdef.java:69)
at ✽.Click on vote button(file:///D:/Java%20eclipse%20workspace/CommunityPoll/src/test/java/feature/com_poll.feature:11)
]]>
    </failure>
  </testcase> <!-- runScenario -->
  <system-out/>
</testsuite> <!-- runner.TestNGRunner -->
